2025-06-05 10:37:56 [restartedMain] INFO  jon.db.queue.Application - Starting Application using Java 22.0.2 with PID 2276 (C:\Users\buble\OneDrive\Projects\- Main\DB Queue\target\classes started by buble in C:\Users\buble\OneDrive\Projects\- Main\DB Queue)
2025-06-05 10:37:56 [restartedMain] DEBUG jon.db.queue.Application - Running with Spring Boot v3.5.0, Spring v6.2.7
2025-06-05 10:37:56 [restartedMain] INFO  jon.db.queue.Application - No active profile set, falling back to 1 default profile: "default"
2025-06-05 10:37:56 [restartedMain] INFO  o.s.b.d.c.l.DockerComposeLifecycleManager - Using Docker Compose file C:\Users\buble\OneDrive\Projects\- Main\DB Queue\compose.yaml
2025-06-05 10:37:58 [OutputReader-stderr] INFO  o.s.b.docker.compose.core.DockerCli -  Container dbqueue-postgres-1  Created
2025-06-05 10:37:58 [OutputReader-stderr] INFO  o.s.b.docker.compose.core.DockerCli -  Container dbqueue-postgres-1  Starting
2025-06-05 10:37:59 [OutputReader-stderr] INFO  o.s.b.docker.compose.core.DockerCli -  Container dbqueue-postgres-1  Started
2025-06-05 10:37:59 [OutputReader-stderr] INFO  o.s.b.docker.compose.core.DockerCli -  Container dbqueue-postgres-1  Waiting
2025-06-05 10:38:00 [OutputReader-stderr] INFO  o.s.b.docker.compose.core.DockerCli -  Container dbqueue-postgres-1  Healthy
2025-06-05 10:38:01 [restartedMain] INFO  o.s.b.d.e.DevToolsPropertyDefaultsPostProcessor - Devtools property defaults active! Set 'spring.devtools.add-properties' to 'false' to disable
2025-06-05 10:38:01 [restartedMain] INFO  o.s.b.d.e.DevToolsPropertyDefaultsPostProcessor - For additional web related logging consider setting the 'logging.level.web' property to 'DEBUG'
2025-06-05 10:38:02 [restartedMain] INFO  o.s.d.r.c.RepositoryConfigurationDelegate - Bootstrapping Spring Data JPA repositories in DEFAULT mode.
2025-06-05 10:38:02 [restartedMain] INFO  o.s.d.r.c.RepositoryConfigurationDelegate - Finished Spring Data repository scanning in 96 ms. Found 2 JPA repository interfaces.
2025-06-05 10:38:03 [restartedMain] INFO  o.s.b.w.e.tomcat.TomcatWebServer - Tomcat initialized with port 8080 (http)
2025-06-05 10:38:03 [restartedMain] INFO  o.a.coyote.http11.Http11NioProtocol - Initializing ProtocolHandler ["http-nio-8080"]
2025-06-05 10:38:03 [restartedMain] INFO  o.a.catalina.core.StandardService - Starting service [Tomcat]
2025-06-05 10:38:03 [restartedMain] INFO  o.a.catalina.core.StandardEngine - Starting Servlet engine: [Apache Tomcat/10.1.41]
2025-06-05 10:38:03 [restartedMain] INFO  o.a.c.c.C.[Tomcat].[localhost].[/] - Initializing Spring embedded WebApplicationContext
2025-06-05 10:38:03 [restartedMain] INFO  o.s.b.w.s.c.ServletWebServerApplicationContext - Root WebApplicationContext: initialization completed in 2873 ms
2025-06-05 10:38:04 [restartedMain] INFO  o.h.jpa.internal.util.LogHelper - HHH000204: Processing PersistenceUnitInfo [name: default]
2025-06-05 10:38:04 [restartedMain] INFO  org.hibernate.Version - HHH000412: Hibernate ORM core version 6.6.15.Final
2025-06-05 10:38:04 [restartedMain] INFO  o.h.c.i.RegionFactoryInitiator - HHH000026: Second-level cache disabled
2025-06-05 10:38:05 [restartedMain] INFO  o.s.o.j.p.SpringPersistenceUnitInfo - No LoadTimeWeaver setup: ignoring JPA class transformer
2025-06-05 10:38:05 [restartedMain] INFO  com.zaxxer.hikari.HikariDataSource - HikariPool-1 - Starting...
2025-06-05 10:38:05 [restartedMain] INFO  com.zaxxer.hikari.pool.HikariPool - HikariPool-1 - Added connection org.postgresql.jdbc.PgConnection@1d14b868
2025-06-05 10:38:05 [restartedMain] INFO  com.zaxxer.hikari.HikariDataSource - HikariPool-1 - Start completed.
2025-06-05 10:38:05 [restartedMain] INFO  o.hibernate.orm.connections.pooling - HHH10001005: Database info:
	Database JDBC URL [Connecting through datasource 'HikariDataSource (HikariPool-1)']
	Database driver: undefined/unknown
	Database version: 17.5
	Autocommit mode: undefined/unknown
	Isolation level: undefined/unknown
	Minimum pool size: undefined/unknown
	Maximum pool size: undefined/unknown
2025-06-05 10:38:07 [restartedMain] INFO  o.h.e.t.j.p.i.JtaPlatformInitiator - HHH000489: No JTA platform available (set 'hibernate.transaction.jta.platform' to enable JTA platform integration)
2025-06-05 10:38:07 [restartedMain] INFO  o.s.o.j.LocalContainerEntityManagerFactoryBean - Initialized JPA EntityManagerFactory for persistence unit 'default'
2025-06-05 10:38:07 [restartedMain] INFO  o.s.d.j.r.query.QueryEnhancerFactory - Hibernate is in classpath; If applicable, HQL parser will be used.
2025-06-05 10:38:08 [restartedMain] WARN  o.s.b.a.o.j.JpaBaseConfiguration$JpaWebConfiguration - spring.jpa.open-in-view is enabled by default. Therefore, database queries may be performed during view rendering. Explicitly configure spring.jpa.open-in-view to disable this warning
2025-06-05 10:38:08 [restartedMain] INFO  o.s.b.d.a.OptionalLiveReloadServer - LiveReload server is running on port 35729
2025-06-05 10:38:08 [restartedMain] INFO  o.a.coyote.http11.Http11NioProtocol - Starting ProtocolHandler ["http-nio-8080"]
2025-06-05 10:38:09 [restartedMain] INFO  o.s.b.w.e.tomcat.TomcatWebServer - Tomcat started on port 8080 (http) with context path '/'
2025-06-05 10:38:09 [restartedMain] INFO  jon.db.queue.Application - Started Application in 13.872 seconds (process running for 15.95)
2025-06-05 10:38:09 [scheduling-1] DEBUG jon.db.queue.generic_queue.GenericQueueWorker - Fetching messages to move to DLQ
2025-06-05 10:38:09 [scheduling-1] DEBUG jon.db.queue.generic_queue.GenericQueueWorker - Moving 1 messages [1298] to DLQ
2025-06-05 10:38:09 [scheduling-1] DEBUG jon.db.queue.generic_queue.GenericQueueScheduler - Polling message queue...
2025-06-05 10:38:09 [pool-3-thread-1] DEBUG jon.db.queue.generic_queue.GenericQueueWorker - [Worker-1] Processing 0 messages []
2025-06-05 10:38:09 [pool-3-thread-2] DEBUG jon.db.queue.generic_queue.GenericQueueWorker - [Worker-2] Processing 0 messages []
2025-06-05 10:38:09 [pool-3-thread-3] DEBUG jon.db.queue.generic_queue.GenericQueueWorker - [Worker-3] Processing 0 messages []
2025-06-05 10:38:09 [pool-3-thread-1] DEBUG jon.db.queue.generic_queue.GenericQueueWorker - [Worker-1] All messages processed successfully
2025-06-05 10:38:09 [pool-3-thread-3] DEBUG jon.db.queue.generic_queue.GenericQueueWorker - [Worker-3] All messages processed successfully
2025-06-05 10:38:09 [pool-3-thread-2] DEBUG jon.db.queue.generic_queue.GenericQueueWorker - [Worker-2] All messages processed successfully
2025-06-05 10:38:09 [scheduling-1] DEBUG jon.db.queue.generic_queue.GenericQueueCreator - Created message [1299] with data {"GOT":"Aurane Waters","LOTR":"Éowyn"}
2025-06-05 10:38:13 [scheduling-1] DEBUG jon.db.queue.generic_queue.GenericQueueCreator - Created message [1300] with data {"GOT":"Mathos Mallarawan","LOTR":"Arwen Evenstar"}
2025-06-05 10:38:13 [SpringApplicationShutdownHook] INFO  o.s.b.w.e.tomcat.GracefulShutdown - Commencing graceful shutdown. Waiting for active requests to complete
2025-06-05 10:38:13 [tomcat-shutdown] INFO  o.s.b.w.e.tomcat.GracefulShutdown - Graceful shutdown complete
2025-06-05 10:38:13 [SpringApplicationShutdownHook] INFO  o.s.o.j.LocalContainerEntityManagerFactoryBean - Closing JPA EntityManagerFactory for persistence unit 'default'
2025-06-05 10:38:13 [SpringApplicationShutdownHook] WARN  o.s.b.f.s.DisposableBeanAdapter - Invocation of destroy method failed on bean with name 'inMemoryDatabaseShutdownExecutor': org.springframework.boot.autoconfigure.jdbc.DataSourceProperties$DataSourceBeanCreationException: Failed to determine a suitable driver class
2025-06-05 10:38:13 [SpringApplicationShutdownHook] INFO  com.zaxxer.hikari.HikariDataSource - HikariPool-1 - Shutdown initiated...
2025-06-05 10:38:13 [SpringApplicationShutdownHook] INFO  com.zaxxer.hikari.HikariDataSource - HikariPool-1 - Shutdown completed.
2025-06-05 13:08:33 [restartedMain] INFO  jon.db.queue.Application - Starting Application using Java 22.0.2 with PID 15944 (C:\Users\buble\OneDrive\Projects\- Main\DB Queue\target\classes started by buble in C:\Users\buble\OneDrive\Projects\- Main\DB Queue)
2025-06-05 13:08:33 [restartedMain] DEBUG jon.db.queue.Application - Running with Spring Boot v3.5.0, Spring v6.2.7
2025-06-05 13:08:33 [restartedMain] INFO  jon.db.queue.Application - No active profile set, falling back to 1 default profile: "default"
2025-06-05 13:08:34 [restartedMain] INFO  o.s.b.d.c.l.DockerComposeLifecycleManager - Using Docker Compose file C:\Users\buble\OneDrive\Projects\- Main\DB Queue\compose.yaml
2025-06-05 13:08:35 [restartedMain] INFO  o.s.b.d.c.l.DockerComposeLifecycleManager - There are already Docker Compose services running, skipping startup
2025-06-05 13:08:35 [restartedMain] INFO  o.s.b.d.e.DevToolsPropertyDefaultsPostProcessor - Devtools property defaults active! Set 'spring.devtools.add-properties' to 'false' to disable
2025-06-05 13:08:35 [restartedMain] INFO  o.s.b.d.e.DevToolsPropertyDefaultsPostProcessor - For additional web related logging consider setting the 'logging.level.web' property to 'DEBUG'
2025-06-05 13:08:37 [restartedMain] INFO  o.s.d.r.c.RepositoryConfigurationDelegate - Bootstrapping Spring Data JPA repositories in DEFAULT mode.
2025-06-05 13:08:37 [restartedMain] INFO  o.s.d.r.c.RepositoryConfigurationDelegate - Finished Spring Data repository scanning in 88 ms. Found 2 JPA repository interfaces.
2025-06-05 13:08:38 [restartedMain] INFO  o.s.b.w.e.tomcat.TomcatWebServer - Tomcat initialized with port 8080 (http)
2025-06-05 13:08:38 [restartedMain] INFO  o.a.coyote.http11.Http11NioProtocol - Initializing ProtocolHandler ["http-nio-8080"]
2025-06-05 13:08:38 [restartedMain] INFO  o.a.catalina.core.StandardService - Starting service [Tomcat]
2025-06-05 13:08:38 [restartedMain] INFO  o.a.catalina.core.StandardEngine - Starting Servlet engine: [Apache Tomcat/10.1.41]
2025-06-05 13:08:38 [restartedMain] INFO  o.a.c.c.C.[Tomcat].[localhost].[/] - Initializing Spring embedded WebApplicationContext
2025-06-05 13:08:38 [restartedMain] INFO  o.s.b.w.s.c.ServletWebServerApplicationContext - Root WebApplicationContext: initialization completed in 2967 ms
2025-06-05 13:08:38 [restartedMain] INFO  o.h.jpa.internal.util.LogHelper - HHH000204: Processing PersistenceUnitInfo [name: default]
2025-06-05 13:08:39 [restartedMain] INFO  org.hibernate.Version - HHH000412: Hibernate ORM core version 6.6.15.Final
2025-06-05 13:08:39 [restartedMain] INFO  o.h.c.i.RegionFactoryInitiator - HHH000026: Second-level cache disabled
2025-06-05 13:08:39 [restartedMain] INFO  o.s.o.j.p.SpringPersistenceUnitInfo - No LoadTimeWeaver setup: ignoring JPA class transformer
2025-06-05 13:08:39 [restartedMain] INFO  com.zaxxer.hikari.HikariDataSource - HikariPool-1 - Starting...
2025-06-05 13:08:40 [restartedMain] INFO  com.zaxxer.hikari.pool.HikariPool - HikariPool-1 - Added connection org.postgresql.jdbc.PgConnection@16e602f4
2025-06-05 13:08:40 [restartedMain] INFO  com.zaxxer.hikari.HikariDataSource - HikariPool-1 - Start completed.
2025-06-05 13:08:40 [restartedMain] INFO  o.hibernate.orm.connections.pooling - HHH10001005: Database info:
	Database JDBC URL [Connecting through datasource 'HikariDataSource (HikariPool-1)']
	Database driver: undefined/unknown
	Database version: 17.5
	Autocommit mode: undefined/unknown
	Isolation level: undefined/unknown
	Minimum pool size: undefined/unknown
	Maximum pool size: undefined/unknown
2025-06-05 13:08:41 [restartedMain] INFO  o.h.e.t.j.p.i.JtaPlatformInitiator - HHH000489: No JTA platform available (set 'hibernate.transaction.jta.platform' to enable JTA platform integration)
2025-06-05 13:08:41 [restartedMain] INFO  o.s.o.j.LocalContainerEntityManagerFactoryBean - Initialized JPA EntityManagerFactory for persistence unit 'default'
2025-06-05 13:08:42 [restartedMain] INFO  o.s.d.j.r.query.QueryEnhancerFactory - Hibernate is in classpath; If applicable, HQL parser will be used.
2025-06-05 13:08:42 [restartedMain] WARN  o.s.b.a.o.j.JpaBaseConfiguration$JpaWebConfiguration - spring.jpa.open-in-view is enabled by default. Therefore, database queries may be performed during view rendering. Explicitly configure spring.jpa.open-in-view to disable this warning
2025-06-05 13:08:43 [restartedMain] WARN  o.s.b.w.s.c.AnnotationConfigServletWebServerApplicationContext - Exception encountered during context initialization - cancelling refresh attempt: org.springframework.beans.factory.BeanCreationException: Error creating bean with name 'requestMappingHandlerMapping' defined in class path resource [org/springframework/boot/autoconfigure/web/servlet/WebMvcAutoConfiguration$EnableWebMvcConfiguration.class]: Ambiguous mapping. Cannot map 'streamLast20Msgs' method 
jon.db.queue.generic_queue.application.StreamLast20Msgs#getActiveConnections()
to {GET [/generic-queue/active-connections]}: There is already 'getActiveConnections' bean method
jon.db.queue.generic_queue.application.GetActiveConnections#getActiveConnections() mapped.
2025-06-05 13:08:43 [restartedMain] INFO  o.s.o.j.LocalContainerEntityManagerFactoryBean - Closing JPA EntityManagerFactory for persistence unit 'default'
2025-06-05 13:08:43 [restartedMain] WARN  o.s.b.f.s.DisposableBeanAdapter - Invocation of destroy method failed on bean with name 'inMemoryDatabaseShutdownExecutor': org.springframework.boot.autoconfigure.jdbc.DataSourceProperties$DataSourceBeanCreationException: Failed to determine a suitable driver class
2025-06-05 13:08:43 [restartedMain] INFO  com.zaxxer.hikari.HikariDataSource - HikariPool-1 - Shutdown initiated...
2025-06-05 13:08:43 [restartedMain] INFO  com.zaxxer.hikari.HikariDataSource - HikariPool-1 - Shutdown completed.
2025-06-05 13:08:43 [restartedMain] INFO  o.a.catalina.core.StandardService - Stopping service [Tomcat]
2025-06-05 13:08:43 [restartedMain] INFO  o.s.b.a.l.ConditionEvaluationReportLogger - 

Error starting ApplicationContext. To display the condition evaluation report re-run your application with 'debug' enabled.
2025-06-05 13:08:43 [restartedMain] ERROR o.s.boot.SpringApplication - Application run failed
org.springframework.beans.factory.BeanCreationException: Error creating bean with name 'requestMappingHandlerMapping' defined in class path resource [org/springframework/boot/autoconfigure/web/servlet/WebMvcAutoConfiguration$EnableWebMvcConfiguration.class]: Ambiguous mapping. Cannot map 'streamLast20Msgs' method 
jon.db.queue.generic_queue.application.StreamLast20Msgs#getActiveConnections()
to {GET [/generic-queue/active-connections]}: There is already 'getActiveConnections' bean method
jon.db.queue.generic_queue.application.GetActiveConnections#getActiveConnections() mapped.
	at org.springframework.beans.factory.support.AbstractAutowireCapableBeanFactory.initializeBean(AbstractAutowireCapableBeanFactory.java:1826)
	at org.springframework.beans.factory.support.AbstractAutowireCapableBeanFactory.doCreateBean(AbstractAutowireCapableBeanFactory.java:607)
	at org.springframework.beans.factory.support.AbstractAutowireCapableBeanFactory.createBean(AbstractAutowireCapableBeanFactory.java:529)
	at org.springframework.beans.factory.support.AbstractBeanFactory.lambda$doGetBean$0(AbstractBeanFactory.java:339)
	at org.springframework.beans.factory.support.DefaultSingletonBeanRegistry.getSingleton(DefaultSingletonBeanRegistry.java:373)
	at org.springframework.beans.factory.support.AbstractBeanFactory.doGetBean(AbstractBeanFactory.java:337)
	at org.springframework.beans.factory.support.AbstractBeanFactory.getBean(AbstractBeanFactory.java:202)
	at org.springframework.beans.factory.support.DefaultListableBeanFactory.instantiateSingleton(DefaultListableBeanFactory.java:1222)
	at org.springframework.beans.factory.support.DefaultListableBeanFactory.preInstantiateSingleton(DefaultListableBeanFactory.java:1188)
	at org.springframework.beans.factory.support.DefaultListableBeanFactory.preInstantiateSingletons(DefaultListableBeanFactory.java:1123)
	at org.springframework.context.support.AbstractApplicationContext.finishBeanFactoryInitialization(AbstractApplicationContext.java:987)
	at org.springframework.context.support.AbstractApplicationContext.refresh(AbstractApplicationContext.java:627)
	at org.springframework.boot.web.servlet.context.ServletWebServerApplicationContext.refresh(ServletWebServerApplicationContext.java:146)
	at org.springframework.boot.SpringApplication.refresh(SpringApplication.java:753)
	at org.springframework.boot.SpringApplication.refreshContext(SpringApplication.java:439)
	at org.springframework.boot.SpringApplication.run(SpringApplication.java:318)
	at org.springframework.boot.SpringApplication.run(SpringApplication.java:1362)
	at org.springframework.boot.SpringApplication.run(SpringApplication.java:1351)
	at jon.db.queue.Application.main(Application.java:12)
	at java.base/jdk.internal.reflect.DirectMethodHandleAccessor.invoke(DirectMethodHandleAccessor.java:103)
	at java.base/java.lang.reflect.Method.invoke(Method.java:580)
	at org.springframework.boot.devtools.restart.RestartLauncher.run(RestartLauncher.java:50)
Caused by: java.lang.IllegalStateException: Ambiguous mapping. Cannot map 'streamLast20Msgs' method 
jon.db.queue.generic_queue.application.StreamLast20Msgs#getActiveConnections()
to {GET [/generic-queue/active-connections]}: There is already 'getActiveConnections' bean method
jon.db.queue.generic_queue.application.GetActiveConnections#getActiveConnections() mapped.
	at org.springframework.web.servlet.handler.AbstractHandlerMethodMapping$MappingRegistry.validateMethodMapping(AbstractHandlerMethodMapping.java:676)
	at org.springframework.web.servlet.handler.AbstractHandlerMethodMapping$MappingRegistry.register(AbstractHandlerMethodMapping.java:637)
	at org.springframework.web.servlet.handler.AbstractHandlerMethodMapping.registerHandlerMethod(AbstractHandlerMethodMapping.java:331)
	at org.springframework.web.servlet.mvc.method.annotation.RequestMappingHandlerMapping.registerHandlerMethod(RequestMappingHandlerMapping.java:507)
	at org.springframework.web.servlet.mvc.method.annotation.RequestMappingHandlerMapping.registerHandlerMethod(RequestMappingHandlerMapping.java:84)
	at org.springframework.web.servlet.handler.AbstractHandlerMethodMapping.lambda$detectHandlerMethods$2(AbstractHandlerMethodMapping.java:298)
	at java.base/java.util.LinkedHashMap.forEach(LinkedHashMap.java:986)
	at org.springframework.web.servlet.handler.AbstractHandlerMethodMapping.detectHandlerMethods(AbstractHandlerMethodMapping.java:296)
	at org.springframework.web.servlet.handler.AbstractHandlerMethodMapping.processCandidateBean(AbstractHandlerMethodMapping.java:265)
	at org.springframework.web.servlet.handler.AbstractHandlerMethodMapping.initHandlerMethods(AbstractHandlerMethodMapping.java:224)
	at org.springframework.web.servlet.handler.AbstractHandlerMethodMapping.afterPropertiesSet(AbstractHandlerMethodMapping.java:212)
	at org.springframework.web.servlet.mvc.method.annotation.RequestMappingHandlerMapping.afterPropertiesSet(RequestMappingHandlerMapping.java:237)
	at org.springframework.beans.factory.support.AbstractAutowireCapableBeanFactory.invokeInitMethods(AbstractAutowireCapableBeanFactory.java:1873)
	at org.springframework.beans.factory.support.AbstractAutowireCapableBeanFactory.initializeBean(AbstractAutowireCapableBeanFactory.java:1822)
	... 21 common frames omitted
2025-06-05 13:10:23 [restartedMain] INFO  jon.db.queue.Application - Starting Application using Java 22.0.2 with PID 13052 (C:\Users\buble\OneDrive\Projects\- Main\DB Queue\target\classes started by buble in C:\Users\buble\OneDrive\Projects\- Main\DB Queue)
2025-06-05 13:10:23 [restartedMain] DEBUG jon.db.queue.Application - Running with Spring Boot v3.5.0, Spring v6.2.7
2025-06-05 13:10:23 [restartedMain] INFO  jon.db.queue.Application - No active profile set, falling back to 1 default profile: "default"
2025-06-05 13:10:23 [restartedMain] INFO  o.s.b.d.c.l.DockerComposeLifecycleManager - Using Docker Compose file C:\Users\buble\OneDrive\Projects\- Main\DB Queue\compose.yaml
2025-06-05 13:10:25 [restartedMain] INFO  o.s.b.d.c.l.DockerComposeLifecycleManager - There are already Docker Compose services running, skipping startup
2025-06-05 13:10:25 [restartedMain] INFO  o.s.b.d.e.DevToolsPropertyDefaultsPostProcessor - Devtools property defaults active! Set 'spring.devtools.add-properties' to 'false' to disable
2025-06-05 13:10:25 [restartedMain] INFO  o.s.b.d.e.DevToolsPropertyDefaultsPostProcessor - For additional web related logging consider setting the 'logging.level.web' property to 'DEBUG'
2025-06-05 13:10:26 [restartedMain] INFO  o.s.d.r.c.RepositoryConfigurationDelegate - Bootstrapping Spring Data JPA repositories in DEFAULT mode.
2025-06-05 13:10:26 [restartedMain] INFO  o.s.d.r.c.RepositoryConfigurationDelegate - Finished Spring Data repository scanning in 97 ms. Found 2 JPA repository interfaces.
2025-06-05 13:10:27 [restartedMain] INFO  o.s.b.w.e.tomcat.TomcatWebServer - Tomcat initialized with port 8080 (http)
2025-06-05 13:10:27 [restartedMain] INFO  o.a.coyote.http11.Http11NioProtocol - Initializing ProtocolHandler ["http-nio-8080"]
2025-06-05 13:10:27 [restartedMain] INFO  o.a.catalina.core.StandardService - Starting service [Tomcat]
2025-06-05 13:10:27 [restartedMain] INFO  o.a.catalina.core.StandardEngine - Starting Servlet engine: [Apache Tomcat/10.1.41]
2025-06-05 13:10:27 [restartedMain] INFO  o.a.c.c.C.[Tomcat].[localhost].[/] - Initializing Spring embedded WebApplicationContext
2025-06-05 13:10:27 [restartedMain] INFO  o.s.b.w.s.c.ServletWebServerApplicationContext - Root WebApplicationContext: initialization completed in 2717 ms
2025-06-05 13:10:28 [restartedMain] INFO  o.h.jpa.internal.util.LogHelper - HHH000204: Processing PersistenceUnitInfo [name: default]
2025-06-05 13:10:28 [restartedMain] INFO  org.hibernate.Version - HHH000412: Hibernate ORM core version 6.6.15.Final
2025-06-05 13:10:28 [restartedMain] INFO  o.h.c.i.RegionFactoryInitiator - HHH000026: Second-level cache disabled
2025-06-05 13:10:29 [restartedMain] INFO  o.s.o.j.p.SpringPersistenceUnitInfo - No LoadTimeWeaver setup: ignoring JPA class transformer
2025-06-05 13:10:29 [restartedMain] INFO  com.zaxxer.hikari.HikariDataSource - HikariPool-1 - Starting...
2025-06-05 13:10:29 [restartedMain] INFO  com.zaxxer.hikari.pool.HikariPool - HikariPool-1 - Added connection org.postgresql.jdbc.PgConnection@a92ae4c
2025-06-05 13:10:29 [restartedMain] INFO  com.zaxxer.hikari.HikariDataSource - HikariPool-1 - Start completed.
2025-06-05 13:10:29 [restartedMain] INFO  o.hibernate.orm.connections.pooling - HHH10001005: Database info:
	Database JDBC URL [Connecting through datasource 'HikariDataSource (HikariPool-1)']
	Database driver: undefined/unknown
	Database version: 17.5
	Autocommit mode: undefined/unknown
	Isolation level: undefined/unknown
	Minimum pool size: undefined/unknown
	Maximum pool size: undefined/unknown
2025-06-05 13:10:31 [restartedMain] INFO  o.h.e.t.j.p.i.JtaPlatformInitiator - HHH000489: No JTA platform available (set 'hibernate.transaction.jta.platform' to enable JTA platform integration)
2025-06-05 13:10:31 [restartedMain] INFO  o.s.o.j.LocalContainerEntityManagerFactoryBean - Initialized JPA EntityManagerFactory for persistence unit 'default'
2025-06-05 13:10:32 [restartedMain] INFO  o.s.d.j.r.query.QueryEnhancerFactory - Hibernate is in classpath; If applicable, HQL parser will be used.
2025-06-05 13:10:32 [restartedMain] WARN  o.s.b.a.o.j.JpaBaseConfiguration$JpaWebConfiguration - spring.jpa.open-in-view is enabled by default. Therefore, database queries may be performed during view rendering. Explicitly configure spring.jpa.open-in-view to disable this warning
2025-06-05 13:10:33 [restartedMain] INFO  o.s.b.d.a.OptionalLiveReloadServer - LiveReload server is running on port 35729
2025-06-05 13:10:33 [restartedMain] INFO  o.a.coyote.http11.Http11NioProtocol - Starting ProtocolHandler ["http-nio-8080"]
2025-06-05 13:10:33 [restartedMain] INFO  o.s.b.w.e.tomcat.TomcatWebServer - Tomcat started on port 8080 (http) with context path '/'
2025-06-05 13:10:33 [restartedMain] INFO  jon.db.queue.Application - Started Application in 10.937 seconds (process running for 12.015)
2025-06-05 13:10:33 [scheduling-1] DEBUG j.d.q.g.GenericQueueCreator - Created message [1301] with data {"GOT":"Boy","LOTR":"Meriadoc Brandybuck"}
2025-06-05 13:10:33 [scheduling-1] DEBUG j.d.q.g.GenericQueueScheduler - Polling message queue...
2025-06-05 13:10:33 [scheduling-1] DEBUG j.d.q.g.GenericQueueWorker - Fetching messages to move to DLQ
2025-06-05 13:10:33 [scheduling-1] DEBUG j.d.q.g.GenericQueueWorker - No messages to move to DLQ
2025-06-05 13:10:33 [pool-3-thread-1] DEBUG j.d.q.g.GenericQueueWorker - [Worker-1] Processing 0 messages []
2025-06-05 13:10:33 [pool-3-thread-1] DEBUG j.d.q.g.GenericQueueWorker - [Worker-1] All messages processed successfully
2025-06-05 13:10:33 [pool-3-thread-3] DEBUG j.d.q.g.GenericQueueWorker - [Worker-3] Processing 1 messages [1300]
2025-06-05 13:10:33 [pool-3-thread-2] DEBUG j.d.q.g.GenericQueueWorker - [Worker-2] Processing 2 messages [1299, 1301]
2025-06-05 13:10:33 [pool-2-thread-1] DEBUG j.d.q.g.GenericQueueProcessor - [Worker-3] Processing message 1300 with data: {"GOT": "Mathos Mallarawan", "LOTR": "Arwen Evenstar"}
2025-06-05 13:10:33 [pool-2-thread-2] DEBUG j.d.q.g.GenericQueueProcessor - [Worker-2] Processing message 1299 with data: {"GOT": "Aurane Waters", "LOTR": "Éowyn"}
2025-06-05 13:10:33 [pool-2-thread-3] DEBUG j.d.q.g.GenericQueueProcessor - [Worker-2] Processing message 1301 with data: {"GOT": "Boy", "LOTR": "Meriadoc Brandybuck"}
2025-06-05 13:10:36 [scheduling-1] DEBUG j.d.q.g.GenericQueueCreator - Created message [1302] with data {"GOT":"Owen Inchfield","LOTR":"Tom Bombadil"}
2025-06-05 13:10:40 [scheduling-1] DEBUG j.d.q.g.GenericQueueCreator - Created message [1303] with data {"GOT":"Lyonel Selmy","LOTR":"Peregrin Took"}
2025-06-05 13:10:41 [scheduling-1] DEBUG j.d.q.g.GenericQueueWorker - Fetching messages to move to DLQ
2025-06-05 13:10:41 [scheduling-1] DEBUG j.d.q.g.GenericQueueWorker - No messages to move to DLQ
2025-06-05 13:10:43 [pool-3-thread-3] DEBUG j.d.q.g.GenericQueueWorker - [Worker-3] All messages processed successfully
2025-06-05 13:10:43 [scheduling-1] DEBUG j.d.q.g.GenericQueueCreator - Created message [1304] with data {"GOT":"Martyn Cassel","LOTR":"Gimli"}
2025-06-05 13:10:43 [scheduling-1] DEBUG j.d.q.g.GenericQueueScheduler - Polling message queue...
2025-06-05 13:10:43 [pool-3-thread-1] DEBUG j.d.q.g.GenericQueueWorker - [Worker-1] Processing 0 messages []
2025-06-05 13:10:43 [pool-3-thread-1] DEBUG j.d.q.g.GenericQueueWorker - [Worker-1] All messages processed successfully
2025-06-05 13:10:43 [pool-3-thread-3] DEBUG j.d.q.g.GenericQueueWorker - [Worker-2] Processing 3 messages [1302, 1303, 1304]
2025-06-05 13:10:43 [pool-2-thread-1] DEBUG j.d.q.g.GenericQueueProcessor - [Worker-2] Processing message 1304 with data: {"GOT": "Martyn Cassel", "LOTR": "Gimli"}
2025-06-05 13:10:43 [pool-2-thread-1] ERROR j.d.q.g.GenericQueueProcessor - [Worker-2] Error processing message 1304: Simulating Random error
2025-06-05 13:10:43 [pool-2-thread-5] DEBUG j.d.q.g.GenericQueueProcessor - [Worker-2] Processing message 1303 with data: {"GOT": "Lyonel Selmy", "LOTR": "Peregrin Took"}
2025-06-05 13:10:43 [pool-2-thread-4] DEBUG j.d.q.g.GenericQueueProcessor - [Worker-2] Processing message 1302 with data: {"GOT": "Owen Inchfield", "LOTR": "Tom Bombadil"}
2025-06-05 13:10:43 [pool-2-thread-5] ERROR j.d.q.g.GenericQueueProcessor - [Worker-2] Error processing message 1303: Simulating Random error
2025-06-05 13:10:43 [pool-3-thread-1] DEBUG j.d.q.g.GenericQueueWorker - [Worker-3] Processing 3 messages [1302, 1303, 1304]
2025-06-05 13:10:43 [pool-2-thread-1] DEBUG j.d.q.g.GenericQueueProcessor - [Worker-3] Processing message 1302 with data: {"GOT": "Owen Inchfield", "LOTR": "Tom Bombadil"}
2025-06-05 13:10:43 [pool-2-thread-1] ERROR j.d.q.g.GenericQueueProcessor - [Worker-3] Error processing message 1302: Simulating Random error
2025-06-05 13:10:43 [pool-2-thread-5] DEBUG j.d.q.g.GenericQueueProcessor - [Worker-3] Processing message 1303 with data: {"GOT": "Lyonel Selmy", "LOTR": "Peregrin Took"}
2025-06-05 13:10:43 [pool-2-thread-5] ERROR j.d.q.g.GenericQueueProcessor - [Worker-3] Error processing message 1303: Simulating Random error
2025-06-05 13:10:43 [pool-2-thread-5] DEBUG j.d.q.g.GenericQueueProcessor - [Worker-3] Processing message 1304 with data: {"GOT": "Martyn Cassel", "LOTR": "Gimli"}
2025-06-05 13:10:46 [scheduling-1] DEBUG j.d.q.g.GenericQueueCreator - Created message [1305] with data {"GOT":"Baelon Targaryen","LOTR":"Théoden"}
2025-06-05 13:10:46 [pool-3-thread-1] DEBUG j.d.q.g.GenericQueueWorker - [Worker-3] All messages processed successfully
2025-06-05 13:10:47 [http-nio-8080-exec-1] INFO  o.a.c.c.C.[Tomcat].[localhost].[/] - Initializing Spring DispatcherServlet 'dispatcherServlet'
2025-06-05 13:10:47 [http-nio-8080-exec-1] INFO  o.s.web.servlet.DispatcherServlet - Initializing Servlet 'dispatcherServlet'
2025-06-05 13:10:47 [http-nio-8080-exec-1] INFO  o.s.web.servlet.DispatcherServlet - Completed initialization in 0 ms
2025-06-05 13:10:47 [http-nio-8080-exec-2] WARN  o.s.w.s.m.m.a.ExceptionHandlerExceptionResolver - Resolved [org.springframework.web.HttpMediaTypeNotAcceptableException: No acceptable representation]
2025-06-05 13:10:49 [pool-3-thread-2] DEBUG j.d.q.g.GenericQueueWorker - [Worker-2] All messages processed successfully
2025-06-05 13:10:49 [scheduling-1] DEBUG j.d.q.g.GenericQueueCreator - Created message [1306] with data {"GOT":"Vylarr","LOTR":"Beregond"}
2025-06-05 13:10:49 [scheduling-1] DEBUG j.d.q.g.GenericQueueWorker - Fetching messages to move to DLQ
2025-06-05 13:10:49 [scheduling-1] DEBUG j.d.q.g.GenericQueueWorker - No messages to move to DLQ
2025-06-05 13:10:52 [scheduling-1] DEBUG j.d.q.g.GenericQueueCreator - Created message [1307] with data {"GOT":"Creighton Redfort","LOTR":"Beregond"}
2025-06-05 13:10:52 [http-nio-8080-exec-6] WARN  o.s.w.s.m.m.a.ExceptionHandlerExceptionResolver - Resolved [org.springframework.web.HttpMediaTypeNotAcceptableException: No acceptable representation]
2025-06-05 13:10:53 [scheduling-1] DEBUG j.d.q.g.GenericQueueScheduler - Polling message queue...
2025-06-05 13:10:53 [pool-3-thread-2] DEBUG j.d.q.g.GenericQueueWorker - [Worker-2] Processing 3 messages [1302, 1303, 1305]
2025-06-05 13:10:53 [pool-2-thread-1] DEBUG j.d.q.g.GenericQueueProcessor - [Worker-2] Processing message 1302 with data: {"GOT": "Owen Inchfield", "LOTR": "Tom Bombadil"}
2025-06-05 13:10:53 [pool-2-thread-5] DEBUG j.d.q.g.GenericQueueProcessor - [Worker-2] Processing message 1303 with data: {"GOT": "Lyonel Selmy", "LOTR": "Peregrin Took"}
2025-06-05 13:10:53 [pool-2-thread-2] DEBUG j.d.q.g.GenericQueueProcessor - [Worker-2] Processing message 1305 with data: {"GOT": "Baelon Targaryen", "LOTR": "Théoden"}
2025-06-05 13:10:53 [pool-2-thread-1] ERROR j.d.q.g.GenericQueueProcessor - [Worker-2] Error processing message 1302: Simulating Random error
2025-06-05 13:10:53 [pool-2-thread-5] ERROR j.d.q.g.GenericQueueProcessor - [Worker-2] Error processing message 1303: Simulating Random error
2025-06-05 13:10:53 [pool-2-thread-2] ERROR j.d.q.g.GenericQueueProcessor - [Worker-2] Error processing message 1305: Simulating Random error
2025-06-05 13:10:53 [pool-3-thread-1] DEBUG j.d.q.g.GenericQueueWorker - [Worker-1] Processing 2 messages [1306, 1307]
2025-06-05 13:10:53 [pool-2-thread-3] DEBUG j.d.q.g.GenericQueueProcessor - [Worker-1] Processing message 1306 with data: {"GOT": "Vylarr", "LOTR": "Beregond"}
2025-06-05 13:10:53 [pool-2-thread-3] ERROR j.d.q.g.GenericQueueProcessor - [Worker-1] Error processing message 1306: Simulating Random error
2025-06-05 13:10:53 [pool-2-thread-2] DEBUG j.d.q.g.GenericQueueProcessor - [Worker-1] Processing message 1307 with data: {"GOT": "Creighton Redfort", "LOTR": "Beregond"}
2025-06-05 13:10:53 [pool-2-thread-2] ERROR j.d.q.g.GenericQueueProcessor - [Worker-1] Error processing message 1307: Simulating Random error
2025-06-05 13:10:53 [pool-3-thread-2] DEBUG j.d.q.g.GenericQueueWorker - [Worker-2] All messages processed successfully
2025-06-05 13:10:53 [pool-3-thread-2] DEBUG j.d.q.g.GenericQueueWorker - [Worker-3] Processing 3 messages [1302, 1303, 1305]
2025-06-05 13:10:53 [pool-2-thread-5] DEBUG j.d.q.g.GenericQueueProcessor - [Worker-3] Processing message 1302 with data: {"GOT": "Owen Inchfield", "LOTR": "Tom Bombadil"}
2025-06-05 13:10:53 [pool-2-thread-3] DEBUG j.d.q.g.GenericQueueProcessor - [Worker-3] Processing message 1305 with data: {"GOT": "Baelon Targaryen", "LOTR": "Théoden"}
2025-06-05 13:10:53 [pool-2-thread-1] DEBUG j.d.q.g.GenericQueueProcessor - [Worker-3] Processing message 1303 with data: {"GOT": "Lyonel Selmy", "LOTR": "Peregrin Took"}
2025-06-05 13:10:53 [pool-3-thread-1] DEBUG j.d.q.g.GenericQueueWorker - [Worker-1] All messages processed successfully
2025-06-05 13:10:55 [scheduling-1] DEBUG j.d.q.g.GenericQueueCreator - Created message [1308] with data {"GOT":"Mylenda Caron","LOTR":"Samwise Gamgee"}
2025-06-05 13:10:55 [pool-3-thread-3] DEBUG j.d.q.g.GenericQueueWorker - [Worker-2] All messages processed successfully
2025-06-05 13:10:57 [http-nio-8080-exec-7] WARN  o.s.w.s.m.m.a.ExceptionHandlerExceptionResolver - Resolved [org.springframework.web.HttpMediaTypeNotAcceptableException: No acceptable representation]
2025-06-05 13:10:57 [scheduling-1] DEBUG j.d.q.g.GenericQueueWorker - Fetching messages to move to DLQ
2025-06-05 13:10:57 [scheduling-1] DEBUG j.d.q.g.GenericQueueWorker - No messages to move to DLQ
2025-06-05 13:10:58 [scheduling-1] DEBUG j.d.q.g.GenericQueueCreator - Created message [1309] with data {"GOT":"Stannis Seaworth","LOTR":"Théoden"}
2025-06-05 13:11:01 [scheduling-1] DEBUG j.d.q.g.GenericQueueCreator - Created message [1310] with data {"GOT":"Delp","LOTR":"Tom Bombadil"}
2025-06-05 13:11:02 [http-nio-8080-exec-8] WARN  o.s.w.s.m.m.a.ExceptionHandlerExceptionResolver - Resolved [org.springframework.web.HttpMediaTypeNotAcceptableException: No acceptable representation]
2025-06-05 13:11:03 [scheduling-1] DEBUG j.d.q.g.GenericQueueScheduler - Polling message queue...
2025-06-05 13:11:03 [pool-3-thread-3] DEBUG j.d.q.g.GenericQueueWorker - [Worker-2] Processing 3 messages [1306, 1307, 1308]
2025-06-05 13:11:03 [pool-2-thread-2] DEBUG j.d.q.g.GenericQueueProcessor - [Worker-2] Processing message 1306 with data: {"GOT": "Vylarr", "LOTR": "Beregond"}
2025-06-05 13:11:03 [pool-2-thread-4] DEBUG j.d.q.g.GenericQueueProcessor - [Worker-2] Processing message 1308 with data: {"GOT": "Mylenda Caron", "LOTR": "Samwise Gamgee"}
2025-06-05 13:11:03 [pool-2-thread-5] DEBUG j.d.q.g.GenericQueueProcessor - [Worker-2] Processing message 1307 with data: {"GOT": "Creighton Redfort", "LOTR": "Beregond"}
2025-06-05 13:11:03 [pool-2-thread-2] ERROR j.d.q.g.GenericQueueProcessor - [Worker-2] Error processing message 1306: Simulating Random error
2025-06-05 13:11:03 [pool-2-thread-4] ERROR j.d.q.g.GenericQueueProcessor - [Worker-2] Error processing message 1308: Simulating Random error
2025-06-05 13:11:03 [pool-2-thread-5] ERROR j.d.q.g.GenericQueueProcessor - [Worker-2] Error processing message 1307: Simulating Random error
2025-06-05 13:11:03 [pool-3-thread-1] DEBUG j.d.q.g.GenericQueueWorker - [Worker-1] Processing 2 messages [1309, 1310]
2025-06-05 13:11:03 [pool-2-thread-3] DEBUG j.d.q.g.GenericQueueProcessor - [Worker-1] Processing message 1309 with data: {"GOT": "Stannis Seaworth", "LOTR": "Théoden"}
2025-06-05 13:11:03 [pool-2-thread-3] ERROR j.d.q.g.GenericQueueProcessor - [Worker-1] Error processing message 1309: Simulating Random error
2025-06-05 13:11:03 [pool-2-thread-2] DEBUG j.d.q.g.GenericQueueProcessor - [Worker-1] Processing message 1310 with data: {"GOT": "Delp", "LOTR": "Tom Bombadil"}
2025-06-05 13:11:03 [pool-3-thread-3] DEBUG j.d.q.g.GenericQueueWorker - [Worker-2] All messages processed successfully
2025-06-05 13:11:03 [pool-3-thread-3] DEBUG j.d.q.g.GenericQueueWorker - [Worker-3] Processing 3 messages [1306, 1307, 1308]
2025-06-05 13:11:03 [pool-2-thread-4] DEBUG j.d.q.g.GenericQueueProcessor - [Worker-3] Processing message 1307 with data: {"GOT": "Creighton Redfort", "LOTR": "Beregond"}
2025-06-05 13:11:03 [pool-2-thread-3] DEBUG j.d.q.g.GenericQueueProcessor - [Worker-3] Processing message 1306 with data: {"GOT": "Vylarr", "LOTR": "Beregond"}
2025-06-05 13:11:03 [pool-2-thread-5] DEBUG j.d.q.g.GenericQueueProcessor - [Worker-3] Processing message 1308 with data: {"GOT": "Mylenda Caron", "LOTR": "Samwise Gamgee"}
2025-06-05 13:11:03 [pool-2-thread-3] ERROR j.d.q.g.GenericQueueProcessor - [Worker-3] Error processing message 1306: Simulating Random error
2025-06-05 13:11:03 [pool-2-thread-5] ERROR j.d.q.g.GenericQueueProcessor - [Worker-3] Error processing message 1308: Simulating Random error
2025-06-05 13:11:03 [pool-2-thread-3] WARN  j.d.q.g.GenericQueueProcessor - [Worker-3] Message 1306 with id 6b93373d-ce45-494e-8413-7951a37ff46c has reached the maximum number of retries (3), moving to Dead Letter Queue
2025-06-05 13:11:04 [scheduling-1] DEBUG j.d.q.g.GenericQueueCreator - Created message [1311] with data {"GOT":"Yohn Farwynd","LOTR":"Glorfindel"}
2025-06-05 13:11:05 [scheduling-1] DEBUG j.d.q.g.GenericQueueWorker - Fetching messages to move to DLQ
2025-06-05 13:11:06 [scheduling-1] DEBUG j.d.q.g.GenericQueueWorker - No messages to move to DLQ
2025-06-05 13:11:06 [pool-3-thread-2] DEBUG j.d.q.g.GenericQueueWorker - [Worker-3] All messages processed successfully
2025-06-05 13:11:07 [http-nio-8080-exec-9] WARN  o.s.w.s.m.m.a.ExceptionHandlerExceptionResolver - Resolved [org.springframework.web.HttpMediaTypeNotAcceptableException: No acceptable representation]
2025-06-05 13:11:07 [scheduling-1] DEBUG j.d.q.g.GenericQueueCreator - Created message [1312] with data {"GOT":"Quaro","LOTR":"Quickbeam"}
2025-06-05 13:11:09 [pool-3-thread-3] ERROR j.d.q.g.GenericQueueWorker - [Worker-3] Error occurred during parallel processing: Row was updated or deleted by another transaction (or unsaved-value mapping was incorrect): [jon.db.queue.models.QueueMessage#1306]
2025-06-05 13:11:10 [scheduling-1] DEBUG j.d.q.g.GenericQueueCreator - Created message [1313] with data {"GOT":"Wulfe","LOTR":"Sauron"}
2025-06-05 13:11:11 [pool-3-thread-1] DEBUG j.d.q.g.GenericQueueWorker - [Worker-1] All messages processed successfully
2025-06-05 13:11:12 [http-nio-8080-exec-10] WARN  o.s.w.s.m.m.a.ExceptionHandlerExceptionResolver - Resolved [org.springframework.web.HttpMediaTypeNotAcceptableException: No acceptable representation]
2025-06-05 13:11:13 [scheduling-1] DEBUG j.d.q.g.GenericQueueCreator - Created message [1314] with data {"GOT":"Buu","LOTR":"Legolas"}
2025-06-05 13:11:13 [scheduling-1] DEBUG j.d.q.g.GenericQueueScheduler - Polling message queue...
2025-06-05 13:11:13 [pool-3-thread-3] DEBUG j.d.q.g.GenericQueueWorker - [Worker-2] Processing 0 messages []
2025-06-05 13:11:13 [pool-3-thread-3] DEBUG j.d.q.g.GenericQueueWorker - [Worker-2] All messages processed successfully
2025-06-05 13:11:13 [pool-3-thread-1] DEBUG j.d.q.g.GenericQueueWorker - [Worker-3] Processing 3 messages [1308, 1309, 1311]
2025-06-05 13:11:13 [pool-3-thread-2] DEBUG j.d.q.g.GenericQueueWorker - [Worker-1] Processing 3 messages [1312, 1313, 1314]
2025-06-05 13:11:13 [pool-2-thread-5] DEBUG j.d.q.g.GenericQueueProcessor - [Worker-3] Processing message 1308 with data: {"GOT": "Mylenda Caron", "LOTR": "Samwise Gamgee"}
2025-06-05 13:11:13 [pool-2-thread-3] DEBUG j.d.q.g.GenericQueueProcessor - [Worker-3] Processing message 1309 with data: {"GOT": "Stannis Seaworth", "LOTR": "Théoden"}
2025-06-05 13:11:13 [pool-2-thread-4] DEBUG j.d.q.g.GenericQueueProcessor - [Worker-1] Processing message 1312 with data: {"GOT": "Quaro", "LOTR": "Quickbeam"}
2025-06-05 13:11:13 [pool-2-thread-1] DEBUG j.d.q.g.GenericQueueProcessor - [Worker-3] Processing message 1311 with data: {"GOT": "Yohn Farwynd", "LOTR": "Glorfindel"}
2025-06-05 13:11:13 [pool-2-thread-2] DEBUG j.d.q.g.GenericQueueProcessor - [Worker-1] Processing message 1313 with data: {"GOT": "Wulfe", "LOTR": "Sauron"}
2025-06-05 13:11:13 [pool-2-thread-5] ERROR j.d.q.g.GenericQueueProcessor - [Worker-3] Error processing message 1308: Simulating Random error
2025-06-05 13:11:13 [pool-2-thread-3] ERROR j.d.q.g.GenericQueueProcessor - [Worker-3] Error processing message 1309: Simulating Random error
2025-06-05 13:11:13 [pool-2-thread-2] ERROR j.d.q.g.GenericQueueProcessor - [Worker-1] Error processing message 1313: Simulating Random error
2025-06-05 13:11:13 [pool-2-thread-1] ERROR j.d.q.g.GenericQueueProcessor - [Worker-3] Error processing message 1311: Simulating Random error
2025-06-05 13:11:13 [pool-2-thread-5] WARN  j.d.q.g.GenericQueueProcessor - [Worker-3] Message 1308 with id cf93cd86-2436-42b9-8105-38d938747cd2 has reached the maximum number of retries (3), moving to Dead Letter Queue
2025-06-05 13:11:13 [pool-2-thread-1] DEBUG j.d.q.g.GenericQueueProcessor - [Worker-1] Processing message 1314 with data: {"GOT": "Buu", "LOTR": "Legolas"}
2025-06-05 13:11:13 [pool-3-thread-1] ERROR j.d.q.g.GenericQueueWorker - [Worker-3] Error occurred during parallel processing: Row was updated or deleted by another transaction (or unsaved-value mapping was incorrect): [jon.db.queue.models.QueueMessage#1308]
2025-06-05 13:11:14 [scheduling-1] DEBUG j.d.q.g.GenericQueueWorker - Fetching messages to move to DLQ
2025-06-05 13:11:14 [scheduling-1] DEBUG j.d.q.g.GenericQueueWorker - No messages to move to DLQ
2025-06-05 13:11:16 [scheduling-1] DEBUG j.d.q.g.GenericQueueCreator - Created message [1315] with data {"GOT":"Tuffleberry","LOTR":"Meriadoc Brandybuck"}
2025-06-05 13:11:17 [http-nio-8080-exec-1] WARN  o.s.w.s.m.m.a.ExceptionHandlerExceptionResolver - Resolved [org.springframework.web.HttpMediaTypeNotAcceptableException: No acceptable representation]
2025-06-05 13:11:17 [pool-3-thread-2] DEBUG j.d.q.g.GenericQueueWorker - [Worker-1] All messages processed successfully
2025-06-05 13:11:19 [scheduling-1] DEBUG j.d.q.g.GenericQueueCreator - Created message [1316] with data {"GOT":"Eddara Tallhart","LOTR":"Beregond"}
2025-06-05 13:11:22 [scheduling-1] DEBUG j.d.q.g.GenericQueueWorker - Fetching messages to move to DLQ
2025-06-05 13:11:22 [scheduling-1] DEBUG j.d.q.g.GenericQueueWorker - No messages to move to DLQ
2025-06-05 13:11:22 [http-nio-8080-exec-2] WARN  o.s.w.s.m.m.a.ExceptionHandlerExceptionResolver - Resolved [org.springframework.web.HttpMediaTypeNotAcceptableException: No acceptable representation]
2025-06-05 13:11:22 [scheduling-1] DEBUG j.d.q.g.GenericQueueCreator - Created message [1317] with data {"GOT":"Clydas","LOTR":"Sauron"}
2025-06-05 13:11:23 [scheduling-1] DEBUG j.d.q.g.GenericQueueScheduler - Polling message queue...
2025-06-05 13:11:23 [pool-3-thread-2] DEBUG j.d.q.g.GenericQueueWorker - [Worker-3] Processing 0 messages []
2025-06-05 13:11:23 [pool-3-thread-2] DEBUG j.d.q.g.GenericQueueWorker - [Worker-3] All messages processed successfully
2025-06-05 13:11:23 [pool-3-thread-1] DEBUG j.d.q.g.GenericQueueWorker - [Worker-2] Processing 3 messages [1309, 1311, 1313]
2025-06-05 13:11:23 [pool-2-thread-2] DEBUG j.d.q.g.GenericQueueProcessor - [Worker-2] Processing message 1309 with data: {"GOT": "Stannis Seaworth", "LOTR": "Théoden"}
2025-06-05 13:11:23 [pool-2-thread-3] DEBUG j.d.q.g.GenericQueueProcessor - [Worker-2] Processing message 1311 with data: {"GOT": "Yohn Farwynd", "LOTR": "Glorfindel"}
2025-06-05 13:11:23 [pool-2-thread-5] DEBUG j.d.q.g.GenericQueueProcessor - [Worker-2] Processing message 1313 with data: {"GOT": "Wulfe", "LOTR": "Sauron"}
2025-06-05 13:11:23 [pool-2-thread-5] ERROR j.d.q.g.GenericQueueProcessor - [Worker-2] Error processing message 1313: Simulating Random error
2025-06-05 13:11:23 [pool-3-thread-3] DEBUG j.d.q.g.GenericQueueWorker - [Worker-1] Processing 3 messages [1315, 1316, 1317]
2025-06-05 13:11:23 [pool-2-thread-1] DEBUG j.d.q.g.GenericQueueProcessor - [Worker-1] Processing message 1315 with data: {"GOT": "Tuffleberry", "LOTR": "Meriadoc Brandybuck"}
2025-06-05 13:11:23 [pool-2-thread-4] DEBUG j.d.q.g.GenericQueueProcessor - [Worker-1] Processing message 1316 with data: {"GOT": "Eddara Tallhart", "LOTR": "Beregond"}
2025-06-05 13:11:23 [pool-2-thread-1] ERROR j.d.q.g.GenericQueueProcessor - [Worker-1] Error processing message 1315: Simulating Random error
2025-06-05 13:11:23 [pool-2-thread-4] ERROR j.d.q.g.GenericQueueProcessor - [Worker-1] Error processing message 1316: Simulating Random error
2025-06-05 13:11:23 [pool-2-thread-1] DEBUG j.d.q.g.GenericQueueProcessor - [Worker-1] Processing message 1317 with data: {"GOT": "Clydas", "LOTR": "Sauron"}
2025-06-05 13:11:23 [pool-2-thread-1] ERROR j.d.q.g.GenericQueueProcessor - [Worker-1] Error processing message 1317: Simulating Random error
2025-06-05 13:11:23 [pool-3-thread-3] DEBUG j.d.q.g.GenericQueueWorker - [Worker-1] All messages processed successfully
2025-06-05 13:11:25 [scheduling-1] DEBUG j.d.q.g.GenericQueueCreator - Created message [1318] with data {"GOT":"Wyman Manderly","LOTR":"Meriadoc Brandybuck"}
2025-06-05 13:11:27 [http-nio-8080-exec-3] WARN  o.s.w.s.m.m.a.ExceptionHandlerExceptionResolver - Resolved [org.springframework.web.HttpMediaTypeNotAcceptableException: No acceptable representation]
2025-06-05 13:11:28 [scheduling-1] DEBUG j.d.q.g.GenericQueueCreator - Created message [1319] with data {"GOT":"Wat","LOTR":"Éowyn"}
2025-06-05 13:11:30 [scheduling-1] DEBUG j.d.q.g.GenericQueueWorker - Fetching messages to move to DLQ
2025-06-05 13:11:30 [scheduling-1] DEBUG j.d.q.g.GenericQueueWorker - No messages to move to DLQ
2025-06-05 13:11:31 [scheduling-1] DEBUG j.d.q.g.GenericQueueCreator - Created message [1320] with data {"GOT":"Ketter","LOTR":"Beregond"}
2025-06-05 13:11:32 [http-nio-8080-exec-5] WARN  o.s.w.s.m.m.a.ExceptionHandlerExceptionResolver - Resolved [org.springframework.web.HttpMediaTypeNotAcceptableException: No acceptable representation]
2025-06-05 13:11:32 [SpringApplicationShutdownHook] INFO  o.s.b.w.e.tomcat.GracefulShutdown - Commencing graceful shutdown. Waiting for active requests to complete
2025-06-05 13:11:32 [tomcat-shutdown] INFO  o.s.b.w.e.tomcat.GracefulShutdown - Graceful shutdown complete
2025-06-05 13:11:32 [SpringApplicationShutdownHook] INFO  o.s.o.j.LocalContainerEntityManagerFactoryBean - Closing JPA EntityManagerFactory for persistence unit 'default'
2025-06-05 13:11:32 [SpringApplicationShutdownHook] WARN  o.s.b.f.s.DisposableBeanAdapter - Invocation of destroy method failed on bean with name 'inMemoryDatabaseShutdownExecutor': org.springframework.boot.autoconfigure.jdbc.DataSourceProperties$DataSourceBeanCreationException: Failed to determine a suitable driver class
2025-06-05 13:11:32 [SpringApplicationShutdownHook] INFO  com.zaxxer.hikari.HikariDataSource - HikariPool-1 - Shutdown initiated...
2025-06-05 13:11:32 [SpringApplicationShutdownHook] INFO  com.zaxxer.hikari.HikariDataSource - HikariPool-1 - Shutdown completed.
2025-06-05 13:11:36 [restartedMain] INFO  jon.db.queue.Application - Starting Application using Java 22.0.2 with PID 20564 (C:\Users\buble\OneDrive\Projects\- Main\DB Queue\target\classes started by buble in C:\Users\buble\OneDrive\Projects\- Main\DB Queue)
2025-06-05 13:11:36 [restartedMain] DEBUG jon.db.queue.Application - Running with Spring Boot v3.5.0, Spring v6.2.7
2025-06-05 13:11:36 [restartedMain] INFO  jon.db.queue.Application - No active profile set, falling back to 1 default profile: "default"
2025-06-05 13:11:36 [restartedMain] INFO  o.s.b.d.c.l.DockerComposeLifecycleManager - Using Docker Compose file C:\Users\buble\OneDrive\Projects\- Main\DB Queue\compose.yaml
2025-06-05 13:11:38 [restartedMain] INFO  o.s.b.d.c.l.DockerComposeLifecycleManager - There are already Docker Compose services running, skipping startup
2025-06-05 13:11:38 [restartedMain] INFO  o.s.b.d.e.DevToolsPropertyDefaultsPostProcessor - Devtools property defaults active! Set 'spring.devtools.add-properties' to 'false' to disable
2025-06-05 13:11:38 [restartedMain] INFO  o.s.b.d.e.DevToolsPropertyDefaultsPostProcessor - For additional web related logging consider setting the 'logging.level.web' property to 'DEBUG'
2025-06-05 13:11:39 [restartedMain] INFO  o.s.d.r.c.RepositoryConfigurationDelegate - Bootstrapping Spring Data JPA repositories in DEFAULT mode.
2025-06-05 13:11:39 [restartedMain] INFO  o.s.d.r.c.RepositoryConfigurationDelegate - Finished Spring Data repository scanning in 109 ms. Found 2 JPA repository interfaces.
2025-06-05 13:11:40 [restartedMain] INFO  o.s.b.w.e.tomcat.TomcatWebServer - Tomcat initialized with port 8080 (http)
2025-06-05 13:11:40 [restartedMain] INFO  o.a.coyote.http11.Http11NioProtocol - Initializing ProtocolHandler ["http-nio-8080"]
2025-06-05 13:11:40 [restartedMain] INFO  o.a.catalina.core.StandardService - Starting service [Tomcat]
2025-06-05 13:11:40 [restartedMain] INFO  o.a.catalina.core.StandardEngine - Starting Servlet engine: [Apache Tomcat/10.1.41]
2025-06-05 13:11:40 [restartedMain] INFO  o.a.c.c.C.[Tomcat].[localhost].[/] - Initializing Spring embedded WebApplicationContext
2025-06-05 13:11:40 [restartedMain] INFO  o.s.b.w.s.c.ServletWebServerApplicationContext - Root WebApplicationContext: initialization completed in 2536 ms
2025-06-05 13:11:41 [restartedMain] INFO  o.h.jpa.internal.util.LogHelper - HHH000204: Processing PersistenceUnitInfo [name: default]
2025-06-05 13:11:41 [restartedMain] INFO  org.hibernate.Version - HHH000412: Hibernate ORM core version 6.6.15.Final
2025-06-05 13:11:41 [restartedMain] INFO  o.h.c.i.RegionFactoryInitiator - HHH000026: Second-level cache disabled
2025-06-05 13:11:42 [restartedMain] INFO  o.s.o.j.p.SpringPersistenceUnitInfo - No LoadTimeWeaver setup: ignoring JPA class transformer
2025-06-05 13:11:42 [restartedMain] INFO  com.zaxxer.hikari.HikariDataSource - HikariPool-1 - Starting...
2025-06-05 13:11:42 [restartedMain] INFO  com.zaxxer.hikari.pool.HikariPool - HikariPool-1 - Added connection org.postgresql.jdbc.PgConnection@61a8729e
2025-06-05 13:11:42 [restartedMain] INFO  com.zaxxer.hikari.HikariDataSource - HikariPool-1 - Start completed.
2025-06-05 13:11:42 [restartedMain] INFO  o.hibernate.orm.connections.pooling - HHH10001005: Database info:
	Database JDBC URL [Connecting through datasource 'HikariDataSource (HikariPool-1)']
	Database driver: undefined/unknown
	Database version: 17.5
	Autocommit mode: undefined/unknown
	Isolation level: undefined/unknown
	Minimum pool size: undefined/unknown
	Maximum pool size: undefined/unknown
2025-06-05 13:11:43 [restartedMain] INFO  o.h.e.t.j.p.i.JtaPlatformInitiator - HHH000489: No JTA platform available (set 'hibernate.transaction.jta.platform' to enable JTA platform integration)
2025-06-05 13:11:44 [restartedMain] INFO  o.s.o.j.LocalContainerEntityManagerFactoryBean - Initialized JPA EntityManagerFactory for persistence unit 'default'
2025-06-05 13:11:44 [restartedMain] INFO  o.s.d.j.r.query.QueryEnhancerFactory - Hibernate is in classpath; If applicable, HQL parser will be used.
2025-06-05 13:11:44 [restartedMain] WARN  o.s.b.a.o.j.JpaBaseConfiguration$JpaWebConfiguration - spring.jpa.open-in-view is enabled by default. Therefore, database queries may be performed during view rendering. Explicitly configure spring.jpa.open-in-view to disable this warning
2025-06-05 13:11:45 [restartedMain] INFO  o.s.b.d.a.OptionalLiveReloadServer - LiveReload server is running on port 35729
2025-06-05 13:11:45 [restartedMain] INFO  o.a.coyote.http11.Http11NioProtocol - Starting ProtocolHandler ["http-nio-8080"]
2025-06-05 13:11:45 [restartedMain] INFO  o.s.b.w.e.tomcat.TomcatWebServer - Tomcat started on port 8080 (http) with context path '/'
2025-06-05 13:11:45 [restartedMain] INFO  jon.db.queue.Application - Started Application in 10.406 seconds (process running for 11.484)
2025-06-05 13:11:45 [scheduling-1] DEBUG j.d.q.g.GenericQueueScheduler - Polling message queue...
2025-06-05 13:11:45 [scheduling-1] DEBUG j.d.q.g.GenericQueueWorker - Fetching messages to move to DLQ
2025-06-05 13:11:45 [http-nio-8080-exec-1] INFO  o.a.c.c.C.[Tomcat].[localhost].[/] - Initializing Spring DispatcherServlet 'dispatcherServlet'
2025-06-05 13:11:45 [http-nio-8080-exec-1] INFO  o.s.web.servlet.DispatcherServlet - Initializing Servlet 'dispatcherServlet'
2025-06-05 13:11:45 [http-nio-8080-exec-1] INFO  o.s.web.servlet.DispatcherServlet - Completed initialization in 3 ms
2025-06-05 13:11:46 [scheduling-1] DEBUG j.d.q.g.GenericQueueWorker - No messages to move to DLQ
2025-06-05 13:11:46 [pool-3-thread-2] DEBUG j.d.q.g.GenericQueueWorker - [Worker-2] Processing 3 messages [1313, 1315, 1316]
2025-06-05 13:11:46 [pool-3-thread-3] DEBUG j.d.q.g.GenericQueueWorker - [Worker-3] Processing 3 messages [1317, 1318, 1319]
2025-06-05 13:11:46 [pool-3-thread-1] DEBUG j.d.q.g.GenericQueueWorker - [Worker-1] Processing 1 messages [1320]
2025-06-05 13:11:46 [pool-2-thread-1] DEBUG j.d.q.g.GenericQueueProcessor - [Worker-1] Processing message 1320 with data: {"GOT": "Ketter", "LOTR": "Beregond"}
2025-06-05 13:11:46 [pool-2-thread-2] DEBUG j.d.q.g.GenericQueueProcessor - [Worker-3] Processing message 1317 with data: {"GOT": "Clydas", "LOTR": "Sauron"}
2025-06-05 13:11:46 [pool-2-thread-3] DEBUG j.d.q.g.GenericQueueProcessor - [Worker-2] Processing message 1313 with data: {"GOT": "Wulfe", "LOTR": "Sauron"}
2025-06-05 13:11:46 [pool-2-thread-4] DEBUG j.d.q.g.GenericQueueProcessor - [Worker-3] Processing message 1318 with data: {"GOT": "Wyman Manderly", "LOTR": "Meriadoc Brandybuck"}
2025-06-05 13:11:46 [pool-2-thread-5] DEBUG j.d.q.g.GenericQueueProcessor - [Worker-2] Processing message 1315 with data: {"GOT": "Tuffleberry", "LOTR": "Meriadoc Brandybuck"}
2025-06-05 13:11:46 [pool-2-thread-5] ERROR j.d.q.g.GenericQueueProcessor - [Worker-2] Error processing message 1315: Simulating Random error
2025-06-05 13:11:46 [pool-2-thread-4] ERROR j.d.q.g.GenericQueueProcessor - [Worker-3] Error processing message 1318: Simulating Random error
2025-06-05 13:11:46 [pool-2-thread-1] ERROR j.d.q.g.GenericQueueProcessor - [Worker-1] Error processing message 1320: Simulating Random error
2025-06-05 13:11:46 [http-nio-8080-exec-1] WARN  o.s.w.s.m.m.a.ExceptionHandlerExceptionResolver - Resolved [org.springframework.web.HttpMediaTypeNotAcceptableException: No acceptable representation]
2025-06-05 13:11:46 [pool-3-thread-1] DEBUG j.d.q.g.GenericQueueWorker - [Worker-1] All messages processed successfully
2025-06-05 13:11:46 [pool-2-thread-4] DEBUG j.d.q.g.GenericQueueProcessor - [Worker-2] Processing message 1316 with data: {"GOT": "Eddara Tallhart", "LOTR": "Beregond"}
2025-06-05 13:11:46 [pool-2-thread-5] DEBUG j.d.q.g.GenericQueueProcessor - [Worker-3] Processing message 1319 with data: {"GOT": "Wat", "LOTR": "Éowyn"}
2025-06-05 13:11:46 [scheduling-1] DEBUG j.d.q.g.GenericQueueCreator - Created message [1321] with data {"LOTR":"Shadowfax","GOT":"Ambrose Butterwell"}
2025-06-05 13:11:49 [scheduling-1] DEBUG j.d.q.g.GenericQueueCreator - Created message [1322] with data {"LOTR":"Legolas","GOT":"Qarro Volentin"}
2025-06-05 13:11:51 [http-nio-8080-exec-2] WARN  o.s.w.s.m.m.a.ExceptionHandlerExceptionResolver - Resolved [org.springframework.web.HttpMediaTypeNotAcceptableException: No acceptable representation]
2025-06-05 13:11:52 [scheduling-1] DEBUG j.d.q.g.GenericQueueCreator - Created message [1323] with data {"LOTR":"Gandalf the Grey","GOT":"Melaquin"}
2025-06-05 13:11:54 [scheduling-1] DEBUG j.d.q.g.GenericQueueWorker - Fetching messages to move to DLQ
2025-06-05 13:11:54 [scheduling-1] DEBUG j.d.q.g.GenericQueueWorker - No messages to move to DLQ
2025-06-05 13:11:55 [scheduling-1] DEBUG j.d.q.g.GenericQueueCreator - Created message [1324] with data {"LOTR":"Tom Bombadil","GOT":"Joseran"}
2025-06-05 13:11:55 [scheduling-1] DEBUG j.d.q.g.GenericQueueScheduler - Polling message queue...
2025-06-05 13:11:55 [pool-3-thread-1] DEBUG j.d.q.g.GenericQueueWorker - [Worker-1] Processing 3 messages [1315, 1318, 1320]
2025-06-05 13:11:55 [pool-2-thread-1] DEBUG j.d.q.g.GenericQueueProcessor - [Worker-1] Processing message 1315 with data: {"GOT": "Tuffleberry", "LOTR": "Meriadoc Brandybuck"}
2025-06-05 13:11:55 [pool-2-thread-5] DEBUG j.d.q.g.GenericQueueProcessor - [Worker-1] Processing message 1318 with data: {"GOT": "Wyman Manderly", "LOTR": "Meriadoc Brandybuck"}
2025-06-05 13:11:55 [pool-2-thread-5] ERROR j.d.q.g.GenericQueueProcessor - [Worker-1] Error processing message 1318: Simulating Random error
2025-06-05 13:11:55 [pool-2-thread-5] DEBUG j.d.q.g.GenericQueueProcessor - [Worker-1] Processing message 1320 with data: {"GOT": "Ketter", "LOTR": "Beregond"}
2025-06-05 13:11:56 [http-nio-8080-exec-3] WARN  o.s.w.s.m.m.a.ExceptionHandlerExceptionResolver - Resolved [org.springframework.web.HttpMediaTypeNotAcceptableException: No acceptable representation]
2025-06-05 13:11:56 [pool-3-thread-3] DEBUG j.d.q.g.GenericQueueWorker - [Worker-3] All messages processed successfully
2025-06-05 13:11:56 [pool-3-thread-3] DEBUG j.d.q.g.GenericQueueWorker - [Worker-2] Processing 3 messages [1318, 1321, 1322]
2025-06-05 13:11:56 [pool-2-thread-2] DEBUG j.d.q.g.GenericQueueProcessor - [Worker-2] Processing message 1318 with data: {"GOT": "Wyman Manderly", "LOTR": "Meriadoc Brandybuck"}
2025-06-05 13:11:56 [pool-2-thread-4] DEBUG j.d.q.g.GenericQueueProcessor - [Worker-2] Processing message 1321 with data: {"GOT": "Ambrose Butterwell", "LOTR": "Shadowfax"}
2025-06-05 13:11:56 [pool-2-thread-2] ERROR j.d.q.g.GenericQueueProcessor - [Worker-2] Error processing message 1318: Simulating Random error
2025-06-05 13:11:56 [pool-2-thread-2] WARN  j.d.q.g.GenericQueueProcessor - [Worker-2] Message 1318 with id 2177a323-20d8-431b-a333-461ecdb34852 has reached the maximum number of retries (3), moving to Dead Letter Queue
2025-06-05 13:11:56 [pool-2-thread-2] DEBUG j.d.q.g.GenericQueueProcessor - [Worker-2] Processing message 1322 with data: {"GOT": "Qarro Volentin", "LOTR": "Legolas"}
2025-06-05 13:11:56 [pool-2-thread-2] ERROR j.d.q.g.GenericQueueProcessor - [Worker-2] Error processing message 1322: Simulating Random error
2025-06-05 13:11:58 [scheduling-1] DEBUG j.d.q.g.GenericQueueCreator - Created message [1325] with data {"LOTR":"Éomer","GOT":"Gage"}
2025-06-05 13:11:59 [pool-3-thread-2] DEBUG j.d.q.g.GenericQueueWorker - [Worker-2] All messages processed successfully
2025-06-05 13:11:59 [pool-3-thread-2] DEBUG j.d.q.g.GenericQueueWorker - [Worker-3] Processing 3 messages [1322, 1323, 1324]
2025-06-05 13:11:59 [pool-2-thread-2] DEBUG j.d.q.g.GenericQueueProcessor - [Worker-3] Processing message 1322 with data: {"GOT": "Qarro Volentin", "LOTR": "Legolas"}
2025-06-05 13:11:59 [pool-2-thread-3] DEBUG j.d.q.g.GenericQueueProcessor - [Worker-3] Processing message 1323 with data: {"GOT": "Melaquin", "LOTR": "Gandalf the Grey"}
2025-06-05 13:11:59 [pool-2-thread-3] ERROR j.d.q.g.GenericQueueProcessor - [Worker-3] Error processing message 1323: Simulating Random error
2025-06-05 13:11:59 [pool-2-thread-3] DEBUG j.d.q.g.GenericQueueProcessor - [Worker-3] Processing message 1324 with data: {"GOT": "Joseran", "LOTR": "Tom Bombadil"}
2025-06-05 13:11:59 [pool-2-thread-3] ERROR j.d.q.g.GenericQueueProcessor - [Worker-3] Error processing message 1324: Simulating Random error
2025-06-05 13:12:00 [pool-3-thread-3] ERROR j.d.q.g.GenericQueueWorker - [Worker-2] Error occurred during parallel processing: Row was updated or deleted by another transaction (or unsaved-value mapping was incorrect): [jon.db.queue.models.QueueMessage#1318]
2025-06-05 13:12:01 [http-nio-8080-exec-4] WARN  o.s.w.s.m.m.a.ExceptionHandlerExceptionResolver - Resolved [org.springframework.web.HttpMediaTypeNotAcceptableException: No acceptable representation]
2025-06-05 13:12:01 [scheduling-1] DEBUG j.d.q.g.GenericQueueCreator - Created message [1326] with data {"LOTR":"Saruman the White","GOT":"Mathis Rowan"}
2025-06-05 13:12:02 [scheduling-1] DEBUG j.d.q.g.GenericQueueWorker - Fetching messages to move to DLQ
2025-06-05 13:12:02 [scheduling-1] DEBUG j.d.q.g.GenericQueueWorker - No messages to move to DLQ
2025-06-05 13:12:04 [scheduling-1] DEBUG j.d.q.g.GenericQueueCreator - Created message [1327] with data {"LOTR":"Boromir","GOT":"Groleo"}
2025-06-05 13:12:05 [scheduling-1] DEBUG j.d.q.g.GenericQueueScheduler - Polling message queue...
2025-06-05 13:12:05 [pool-3-thread-3] DEBUG j.d.q.g.GenericQueueWorker - [Worker-1] Processing 3 messages [1323, 1324, 1325]
2025-06-05 13:12:05 [pool-2-thread-3] DEBUG j.d.q.g.GenericQueueProcessor - [Worker-1] Processing message 1323 with data: {"GOT": "Melaquin", "LOTR": "Gandalf the Grey"}
2025-06-05 13:12:05 [pool-2-thread-4] DEBUG j.d.q.g.GenericQueueProcessor - [Worker-1] Processing message 1324 with data: {"GOT": "Joseran", "LOTR": "Tom Bombadil"}
2025-06-05 13:12:05 [pool-2-thread-3] ERROR j.d.q.g.GenericQueueProcessor - [Worker-1] Error processing message 1323: Simulating Random error
2025-06-05 13:12:05 [pool-2-thread-4] ERROR j.d.q.g.GenericQueueProcessor - [Worker-1] Error processing message 1324: Simulating Random error
2025-06-05 13:12:05 [pool-2-thread-3] DEBUG j.d.q.g.GenericQueueProcessor - [Worker-1] Processing message 1325 with data: {"GOT": "Gage", "LOTR": "Éomer"}
2025-06-05 13:12:06 [http-nio-8080-exec-5] WARN  o.s.w.s.m.m.a.ExceptionHandlerExceptionResolver - Resolved [org.springframework.web.HttpMediaTypeNotAcceptableException: No acceptable representation]
2025-06-05 13:12:07 [scheduling-1] DEBUG j.d.q.g.GenericQueueCreator - Created message [1328] with data {"LOTR":"Éomer","GOT":"Philip Plumm"}
2025-06-05 13:12:10 [scheduling-1] DEBUG j.d.q.g.GenericQueueWorker - Fetching messages to move to DLQ
2025-06-05 13:12:10 [scheduling-1] DEBUG j.d.q.g.GenericQueueWorker - No messages to move to DLQ
2025-06-05 13:12:10 [http-nio-8080-exec-7] INFO  j.d.q.g.GenericQueueSseEmitter - New SSE connection established with client: 1
2025-06-05 13:12:10 [scheduling-1] DEBUG j.d.q.g.GenericQueueCreator - Created message [1329] with data {"LOTR":"Beregond","GOT":"Denys Mallister"}
2025-06-05 13:12:10 [scheduling-1] DEBUG j.d.q.g.GenericQueueSseEmitter - Message sent to client: 1
2025-06-05 13:12:11 [pool-3-thread-1] DEBUG j.d.q.g.GenericQueueWorker - [Worker-1] All messages processed successfully
2025-06-05 13:12:11 [pool-3-thread-1] DEBUG j.d.q.g.GenericQueueWorker - [Worker-2] Processing 3 messages [1323, 1324, 1326]
2025-06-05 13:12:11 [pool-2-thread-4] DEBUG j.d.q.g.GenericQueueProcessor - [Worker-2] Processing message 1323 with data: {"GOT": "Melaquin", "LOTR": "Gandalf the Grey"}
2025-06-05 13:12:11 [pool-2-thread-5] DEBUG j.d.q.g.GenericQueueProcessor - [Worker-2] Processing message 1326 with data: {"GOT": "Mathis Rowan", "LOTR": "Saruman the White"}
2025-06-05 13:12:11 [pool-2-thread-1] DEBUG j.d.q.g.GenericQueueProcessor - [Worker-2] Processing message 1324 with data: {"GOT": "Joseran", "LOTR": "Tom Bombadil"}
2025-06-05 13:12:11 [pool-2-thread-1] ERROR j.d.q.g.GenericQueueProcessor - [Worker-2] Error processing message 1324: Simulating Random error
2025-06-05 13:12:11 [pool-2-thread-1] WARN  j.d.q.g.GenericQueueProcessor - [Worker-2] Message 1324 with id da91648a-4f63-4217-8331-e7902530ee59 has reached the maximum number of retries (3), moving to Dead Letter Queue
2025-06-05 13:12:13 [scheduling-1] DEBUG j.d.q.g.GenericQueueCreator - Created message [1330] with data {"LOTR":"Boromir","GOT":"Pate"}
2025-06-05 13:12:13 [scheduling-1] DEBUG j.d.q.g.GenericQueueSseEmitter - Message sent to client: 1
2025-06-05 13:12:15 [scheduling-1] DEBUG j.d.q.g.GenericQueueScheduler - Polling message queue...
2025-06-05 13:12:16 [scheduling-1] DEBUG j.d.q.g.GenericQueueCreator - Created message [1331] with data {"LOTR":"Legolas","GOT":"Robert Brax"}
2025-06-05 13:12:16 [scheduling-1] DEBUG j.d.q.g.GenericQueueSseEmitter - Message sent to client: 1
2025-06-05 13:12:17 [pool-3-thread-2] DEBUG j.d.q.g.GenericQueueWorker - [Worker-3] All messages processed successfully
2025-06-05 13:12:17 [pool-3-thread-2] DEBUG j.d.q.g.GenericQueueWorker - [Worker-3] Processing 3 messages [1327, 1328, 1329]
2025-06-05 13:12:17 [pool-2-thread-4] DEBUG j.d.q.g.GenericQueueProcessor - [Worker-3] Processing message 1327 with data: {"GOT": "Groleo", "LOTR": "Boromir"}
2025-06-05 13:12:17 [pool-2-thread-1] DEBUG j.d.q.g.GenericQueueProcessor - [Worker-3] Processing message 1328 with data: {"GOT": "Philip Plumm", "LOTR": "Éomer"}
2025-06-05 13:12:17 [pool-2-thread-2] DEBUG j.d.q.g.GenericQueueProcessor - [Worker-3] Processing message 1329 with data: {"GOT": "Denys Mallister", "LOTR": "Beregond"}
2025-06-05 13:12:17 [pool-2-thread-2] ERROR j.d.q.g.GenericQueueProcessor - [Worker-3] Error processing message 1329: Simulating Random error
2025-06-05 13:12:18 [scheduling-1] DEBUG j.d.q.g.GenericQueueWorker - Fetching messages to move to DLQ
2025-06-05 13:12:18 [scheduling-1] DEBUG j.d.q.g.GenericQueueWorker - No messages to move to DLQ
2025-06-05 13:12:19 [SpringApplicationShutdownHook] INFO  o.s.b.w.e.tomcat.GracefulShutdown - Commencing graceful shutdown. Waiting for active requests to complete
